2018-11-21 23:24:54  [ localhost-startStop-1:0 ] - [ INFO ]  proxyMap:{}
2018-11-21 23:24:54  [ localhost-startStop-1:11 ] - [ INFO ]  targetMap:{}
2018-11-21 23:28:33  [ localhost-startStop-1:0 ] - [ INFO ]  proxyMap:{}
2018-11-21 23:28:33  [ localhost-startStop-1:3 ] - [ INFO ]  targetMap:{}
2018-11-21 23:29:20  [ localhost-startStop-1:0 ] - [ INFO ]  proxyMap:{}
2018-11-21 23:29:20  [ localhost-startStop-1:3 ] - [ INFO ]  targetMap:{}
2018-11-21 23:29:45  [ localhost-startStop-1:0 ] - [ INFO ]  proxyMap:{}
2018-11-21 23:29:45  [ localhost-startStop-1:2 ] - [ INFO ]  targetMap:{}
2018-11-21 23:30:42  [ localhost-startStop-1:0 ] - [ INFO ]  proxyClassSetSize:0
2018-11-21 23:30:42  [ localhost-startStop-1:2 ] - [ INFO ]  proxyMap:{}
2018-11-21 23:30:42  [ localhost-startStop-1:3 ] - [ INFO ]  targetMap:{}
2018-11-21 23:33:34  [ localhost-startStop-1:0 ] - [ INFO ]  proxyClassName:org.smart4j.chapter3.util.PropsUtil:false
2018-11-21 23:33:34  [ localhost-startStop-1:2 ] - [ INFO ]  proxyClassName:org.smart4j.chapter3.controller.CustomerServlet:false
2018-11-21 23:33:34  [ localhost-startStop-1:3 ] - [ INFO ]  proxyClassName:org.smart4j.chapter3.service.CustomerService:false
2018-11-21 23:33:34  [ localhost-startStop-1:3 ] - [ INFO ]  proxyClassName:org.smart4j.chapter3.util.StringUtil:false
2018-11-21 23:33:34  [ localhost-startStop-1:3 ] - [ INFO ]  proxyClassName:org.smart4j.chapter3.helper.DatabaseHelper:false
2018-11-21 23:33:34  [ localhost-startStop-1:3 ] - [ INFO ]  proxyClassName:org.smart4j.chapter3.util.CastUtil:false
2018-11-21 23:33:34  [ localhost-startStop-1:3 ] - [ INFO ]  proxyClassName:org.smart4j.chapter3.model.Customer:false
2018-11-21 23:33:34  [ localhost-startStop-1:4 ] - [ INFO ]  proxyClassName:org.smart4j.chapter3.util.CollectionUtil:false
2018-11-21 23:33:34  [ localhost-startStop-1:4 ] - [ INFO ]  proxyMap:{}
2018-11-21 23:33:34  [ localhost-startStop-1:4 ] - [ INFO ]  targetMap:{}
2018-11-21 23:34:29  [ localhost-startStop-1:0 ] - [ INFO ]  proxyClassName:org.smart4j.chapter3.util.StringUtil:false
2018-11-21 23:34:29  [ localhost-startStop-1:2 ] - [ INFO ]  proxyClassName:org.smart4j.chapter3.util.PropsUtil:false
2018-11-21 23:34:29  [ localhost-startStop-1:2 ] - [ INFO ]  proxyClassName:org.smart4j.chapter3.controller.CustomerServlet:false
2018-11-21 23:34:29  [ localhost-startStop-1:2 ] - [ INFO ]  proxyClassName:org.smart4j.chapter3.util.CastUtil:false
2018-11-21 23:34:29  [ localhost-startStop-1:2 ] - [ INFO ]  proxyClassName:org.smart4j.chapter3.model.Customer:false
2018-11-21 23:34:29  [ localhost-startStop-1:3 ] - [ INFO ]  proxyClassName:org.smart4j.chapter3.util.CollectionUtil:false
2018-11-21 23:34:29  [ localhost-startStop-1:3 ] - [ INFO ]  proxyClassName:org.smart4j.chapter3.helper.DatabaseHelper:false
2018-11-21 23:34:29  [ localhost-startStop-1:3 ] - [ INFO ]  proxyClassName:org.smart4j.chapter3.service.CustomerService:false
2018-11-21 23:34:29  [ localhost-startStop-1:3 ] - [ INFO ]  proxyMap:{}
2018-11-21 23:34:29  [ localhost-startStop-1:3 ] - [ INFO ]  targetMap:{}
2018-11-21 23:34:40  [ http-bio-8080-exec-1:11089 ] - [ ERROR ]  get connection failure
java.sql.SQLException: Cannot create PoolableConnectionFactory (Communications link failure

The last packet sent successfully to the server was 0 milliseconds ago. The driver has not received any packets from the server.)
	at org.apache.commons.dbcp2.BasicDataSource.createPoolableConnectionFactory(BasicDataSource.java:2152)
	at org.apache.commons.dbcp2.BasicDataSource.createDataSource(BasicDataSource.java:1903)
	at org.apache.commons.dbcp2.BasicDataSource.getConnection(BasicDataSource.java:1413)
	at org.smart4j.chapter3.helper.DatabaseHelper.getConnection(DatabaseHelper.java:75)
	at org.smart4j.chapter3.helper.DatabaseHelper.queryEntityList(DatabaseHelper.java:98)
	at org.smart4j.chapter3.service.CustomerService.getCustomerList(CustomerService.java:26)
	at org.smart4j.chapter3.controller.CustomerServlet.index(CustomerServlet.java:36)
	at sun.reflect.NativeMethodAccessorImpl.invoke0(Native Method)
	at sun.reflect.NativeMethodAccessorImpl.invoke(NativeMethodAccessorImpl.java:62)
	at sun.reflect.DelegatingMethodAccessorImpl.invoke(DelegatingMethodAccessorImpl.java:43)
	at java.lang.reflect.Method.invoke(Method.java:498)
	at org.smart4j.framework.util.ReflectionUtil.invokeMethod(ReflectionUtil.java:45)
	at org.smart4j.framework.DispatcherServlet.service(DispatcherServlet.java:110)
	at javax.servlet.http.HttpServlet.service(HttpServlet.java:728)
	at org.apache.catalina.core.ApplicationFilterChain.internalDoFilter(ApplicationFilterChain.java:305)
	at org.apache.catalina.core.ApplicationFilterChain.doFilter(ApplicationFilterChain.java:210)
	at org.apache.tomcat.websocket.server.WsFilter.doFilter(WsFilter.java:51)
	at org.apache.catalina.core.ApplicationFilterChain.internalDoFilter(ApplicationFilterChain.java:243)
	at org.apache.catalina.core.ApplicationFilterChain.doFilter(ApplicationFilterChain.java:210)
	at org.apache.catalina.core.StandardWrapperValve.invoke(StandardWrapperValve.java:222)
	at org.apache.catalina.core.StandardContextValve.invoke(StandardContextValve.java:123)
	at org.apache.catalina.authenticator.AuthenticatorBase.invoke(AuthenticatorBase.java:502)
	at org.apache.catalina.core.StandardHostValve.invoke(StandardHostValve.java:171)
	at org.apache.catalina.valves.ErrorReportValve.invoke(ErrorReportValve.java:100)
	at org.apache.catalina.valves.AccessLogValve.invoke(AccessLogValve.java:953)
	at org.apache.catalina.core.StandardEngineValve.invoke(StandardEngineValve.java:118)
	at org.apache.catalina.connector.CoyoteAdapter.service(CoyoteAdapter.java:408)
	at org.apache.coyote.http11.AbstractHttp11Processor.process(AbstractHttp11Processor.java:1041)
	at org.apache.coyote.AbstractProtocol$AbstractConnectionHandler.process(AbstractProtocol.java:603)
	at org.apache.tomcat.util.net.JIoEndpoint$SocketProcessor.run(JIoEndpoint.java:310)
	at java.util.concurrent.ThreadPoolExecutor.runWorker(ThreadPoolExecutor.java:1149)
	at java.util.concurrent.ThreadPoolExecutor$Worker.run(ThreadPoolExecutor.java:624)
	at java.lang.Thread.run(Thread.java:748)
Caused by: com.mysql.jdbc.exceptions.jdbc4.CommunicationsException: Communications link failure

The last packet sent successfully to the server was 0 milliseconds ago. The driver has not received any packets from the server.
	at sun.reflect.NativeConstructorAccessorImpl.newInstance0(Native Method)
	at sun.reflect.NativeConstructorAccessorImpl.newInstance(NativeConstructorAccessorImpl.java:62)
	at sun.reflect.DelegatingConstructorAccessorImpl.newInstance(DelegatingConstructorAccessorImpl.java:45)
	at java.lang.reflect.Constructor.newInstance(Constructor.java:423)
	at com.mysql.jdbc.Util.handleNewInstance(Util.java:425)
	at com.mysql.jdbc.SQLError.createCommunicationsException(SQLError.java:989)
	at com.mysql.jdbc.MysqlIO.<init>(MysqlIO.java:341)
	at com.mysql.jdbc.ConnectionImpl.coreConnect(ConnectionImpl.java:2251)
	at com.mysql.jdbc.ConnectionImpl.connectOneTryOnly(ConnectionImpl.java:2284)
	at com.mysql.jdbc.ConnectionImpl.createNewIO(ConnectionImpl.java:2083)
	at com.mysql.jdbc.ConnectionImpl.<init>(ConnectionImpl.java:806)
	at com.mysql.jdbc.JDBC4Connection.<init>(JDBC4Connection.java:47)
	at sun.reflect.NativeConstructorAccessorImpl.newInstance0(Native Method)
	at sun.reflect.NativeConstructorAccessorImpl.newInstance(NativeConstructorAccessorImpl.java:62)
	at sun.reflect.DelegatingConstructorAccessorImpl.newInstance(DelegatingConstructorAccessorImpl.java:45)
	at java.lang.reflect.Constructor.newInstance(Constructor.java:423)
	at com.mysql.jdbc.Util.handleNewInstance(Util.java:425)
	at com.mysql.jdbc.ConnectionImpl.getInstance(ConnectionImpl.java:410)
	at com.mysql.jdbc.NonRegisteringDriver.connect(NonRegisteringDriver.java:328)
	at org.apache.commons.dbcp2.DriverConnectionFactory.createConnection(DriverConnectionFactory.java:39)
	at org.apache.commons.dbcp2.PoolableConnectionFactory.makeObject(PoolableConnectionFactory.java:205)
	at org.apache.commons.dbcp2.BasicDataSource.validateConnectionFactory(BasicDataSource.java:2162)
	at org.apache.commons.dbcp2.BasicDataSource.createPoolableConnectionFactory(BasicDataSource.java:2148)
	... 32 more
Caused by: java.net.ConnectException: Connection refused: connect
	at java.net.DualStackPlainSocketImpl.connect0(Native Method)
	at java.net.DualStackPlainSocketImpl.socketConnect(DualStackPlainSocketImpl.java:79)
	at java.net.AbstractPlainSocketImpl.doConnect(AbstractPlainSocketImpl.java:350)
	at java.net.AbstractPlainSocketImpl.connectToAddress(AbstractPlainSocketImpl.java:206)
	at java.net.AbstractPlainSocketImpl.connect(AbstractPlainSocketImpl.java:188)
	at java.net.PlainSocketImpl.connect(PlainSocketImpl.java:172)
	at java.net.SocksSocketImpl.connect(SocksSocketImpl.java:392)
	at java.net.Socket.connect(Socket.java:589)
	at com.mysql.jdbc.StandardSocketFactory.connect(StandardSocketFactory.java:211)
	at com.mysql.jdbc.MysqlIO.<init>(MysqlIO.java:300)
	... 48 more
2018-11-21 23:34:40  [ http-bio-8080-exec-1:11111 ] - [ ERROR ]  query entity list failure
java.sql.SQLException: Null connection
	at org.apache.commons.dbutils.QueryRunner.query(QueryRunner.java:323)
	at org.apache.commons.dbutils.QueryRunner.query(QueryRunner.java:212)
	at org.smart4j.chapter3.helper.DatabaseHelper.queryEntityList(DatabaseHelper.java:100)
	at org.smart4j.chapter3.service.CustomerService.getCustomerList(CustomerService.java:26)
	at org.smart4j.chapter3.controller.CustomerServlet.index(CustomerServlet.java:36)
	at sun.reflect.NativeMethodAccessorImpl.invoke0(Native Method)
	at sun.reflect.NativeMethodAccessorImpl.invoke(NativeMethodAccessorImpl.java:62)
	at sun.reflect.DelegatingMethodAccessorImpl.invoke(DelegatingMethodAccessorImpl.java:43)
	at java.lang.reflect.Method.invoke(Method.java:498)
	at org.smart4j.framework.util.ReflectionUtil.invokeMethod(ReflectionUtil.java:45)
	at org.smart4j.framework.DispatcherServlet.service(DispatcherServlet.java:110)
	at javax.servlet.http.HttpServlet.service(HttpServlet.java:728)
	at org.apache.catalina.core.ApplicationFilterChain.internalDoFilter(ApplicationFilterChain.java:305)
	at org.apache.catalina.core.ApplicationFilterChain.doFilter(ApplicationFilterChain.java:210)
	at org.apache.tomcat.websocket.server.WsFilter.doFilter(WsFilter.java:51)
	at org.apache.catalina.core.ApplicationFilterChain.internalDoFilter(ApplicationFilterChain.java:243)
	at org.apache.catalina.core.ApplicationFilterChain.doFilter(ApplicationFilterChain.java:210)
	at org.apache.catalina.core.StandardWrapperValve.invoke(StandardWrapperValve.java:222)
	at org.apache.catalina.core.StandardContextValve.invoke(StandardContextValve.java:123)
	at org.apache.catalina.authenticator.AuthenticatorBase.invoke(AuthenticatorBase.java:502)
	at org.apache.catalina.core.StandardHostValve.invoke(StandardHostValve.java:171)
	at org.apache.catalina.valves.ErrorReportValve.invoke(ErrorReportValve.java:100)
	at org.apache.catalina.valves.AccessLogValve.invoke(AccessLogValve.java:953)
	at org.apache.catalina.core.StandardEngineValve.invoke(StandardEngineValve.java:118)
	at org.apache.catalina.connector.CoyoteAdapter.service(CoyoteAdapter.java:408)
	at org.apache.coyote.http11.AbstractHttp11Processor.process(AbstractHttp11Processor.java:1041)
	at org.apache.coyote.AbstractProtocol$AbstractConnectionHandler.process(AbstractProtocol.java:603)
	at org.apache.tomcat.util.net.JIoEndpoint$SocketProcessor.run(JIoEndpoint.java:310)
	at java.util.concurrent.ThreadPoolExecutor.runWorker(ThreadPoolExecutor.java:1149)
	at java.util.concurrent.ThreadPoolExecutor$Worker.run(ThreadPoolExecutor.java:624)
	at java.lang.Thread.run(Thread.java:748)
2018-11-21 23:34:40  [ http-bio-8080-exec-1:11112 ] - [ ERROR ]  invoke method failure
java.lang.reflect.InvocationTargetException
	at sun.reflect.NativeMethodAccessorImpl.invoke0(Native Method)
	at sun.reflect.NativeMethodAccessorImpl.invoke(NativeMethodAccessorImpl.java:62)
	at sun.reflect.DelegatingMethodAccessorImpl.invoke(DelegatingMethodAccessorImpl.java:43)
	at java.lang.reflect.Method.invoke(Method.java:498)
	at org.smart4j.framework.util.ReflectionUtil.invokeMethod(ReflectionUtil.java:45)
	at org.smart4j.framework.DispatcherServlet.service(DispatcherServlet.java:110)
	at javax.servlet.http.HttpServlet.service(HttpServlet.java:728)
	at org.apache.catalina.core.ApplicationFilterChain.internalDoFilter(ApplicationFilterChain.java:305)
	at org.apache.catalina.core.ApplicationFilterChain.doFilter(ApplicationFilterChain.java:210)
	at org.apache.tomcat.websocket.server.WsFilter.doFilter(WsFilter.java:51)
	at org.apache.catalina.core.ApplicationFilterChain.internalDoFilter(ApplicationFilterChain.java:243)
	at org.apache.catalina.core.ApplicationFilterChain.doFilter(ApplicationFilterChain.java:210)
	at org.apache.catalina.core.StandardWrapperValve.invoke(StandardWrapperValve.java:222)
	at org.apache.catalina.core.StandardContextValve.invoke(StandardContextValve.java:123)
	at org.apache.catalina.authenticator.AuthenticatorBase.invoke(AuthenticatorBase.java:502)
	at org.apache.catalina.core.StandardHostValve.invoke(StandardHostValve.java:171)
	at org.apache.catalina.valves.ErrorReportValve.invoke(ErrorReportValve.java:100)
	at org.apache.catalina.valves.AccessLogValve.invoke(AccessLogValve.java:953)
	at org.apache.catalina.core.StandardEngineValve.invoke(StandardEngineValve.java:118)
	at org.apache.catalina.connector.CoyoteAdapter.service(CoyoteAdapter.java:408)
	at org.apache.coyote.http11.AbstractHttp11Processor.process(AbstractHttp11Processor.java:1041)
	at org.apache.coyote.AbstractProtocol$AbstractConnectionHandler.process(AbstractProtocol.java:603)
	at org.apache.tomcat.util.net.JIoEndpoint$SocketProcessor.run(JIoEndpoint.java:310)
	at java.util.concurrent.ThreadPoolExecutor.runWorker(ThreadPoolExecutor.java:1149)
	at java.util.concurrent.ThreadPoolExecutor$Worker.run(ThreadPoolExecutor.java:624)
	at java.lang.Thread.run(Thread.java:748)
Caused by: java.lang.RuntimeException: java.sql.SQLException: Null connection
	at org.smart4j.chapter3.helper.DatabaseHelper.queryEntityList(DatabaseHelper.java:103)
	at org.smart4j.chapter3.service.CustomerService.getCustomerList(CustomerService.java:26)
	at org.smart4j.chapter3.controller.CustomerServlet.index(CustomerServlet.java:36)
	... 26 more
Caused by: java.sql.SQLException: Null connection
	at org.apache.commons.dbutils.QueryRunner.query(QueryRunner.java:323)
	at org.apache.commons.dbutils.QueryRunner.query(QueryRunner.java:212)
	at org.smart4j.chapter3.helper.DatabaseHelper.queryEntityList(DatabaseHelper.java:100)
	... 28 more
2018-11-21 23:35:39  [ http-bio-8080-exec-3:70014 ] - [ DEBUG ]  -----------begin--------------
2018-11-21 23:35:57  [ localhost-startStop-1:0 ] - [ INFO ]  proxyClassName:org.smart4j.chapter3.helper.DatabaseHelper:false
2018-11-21 23:35:57  [ localhost-startStop-1:3 ] - [ INFO ]  proxyClassName:org.smart4j.chapter3.service.CustomerService:false
2018-11-21 23:35:57  [ localhost-startStop-1:3 ] - [ INFO ]  proxyClassName:org.smart4j.chapter3.controller.CustomerServlet:false
2018-11-21 23:35:57  [ localhost-startStop-1:4 ] - [ INFO ]  proxyClassName:org.smart4j.chapter3.util.PropsUtil:false
2018-11-21 23:35:57  [ localhost-startStop-1:4 ] - [ INFO ]  proxyClassName:org.smart4j.chapter3.model.Customer:false
2018-11-21 23:35:57  [ localhost-startStop-1:4 ] - [ INFO ]  proxyClassName:org.smart4j.chapter3.util.CastUtil:false
2018-11-21 23:35:57  [ localhost-startStop-1:4 ] - [ INFO ]  proxyClassName:org.smart4j.chapter3.util.CollectionUtil:false
2018-11-21 23:35:57  [ localhost-startStop-1:5 ] - [ INFO ]  proxyClassName:org.smart4j.chapter3.util.StringUtil:false
2018-11-21 23:35:57  [ localhost-startStop-1:5 ] - [ INFO ]  proxyMap:{}
2018-11-21 23:35:57  [ localhost-startStop-1:5 ] - [ INFO ]  targetMap:{}
2018-11-21 23:41:15  [ http-bio-8080-exec-1:1 ] - [ DEBUG ]  -----------begin--------------
2018-11-21 23:41:15  [ http-bio-8080-exec-1:4 ] - [ DEBUG ]  class: org.smart4j.framework.proxy.ProxyChain
2018-11-21 23:41:15  [ http-bio-8080-exec-1:4 ] - [ DEBUG ]  method: index
2018-11-21 23:41:15  [ http-bio-8080-exec-1:427 ] - [ DEBUG ]  -----------begin--------------
2018-11-21 23:41:16  [ http-bio-8080-exec-1:437 ] - [ DEBUG ]  time: 433ms
2018-11-21 23:41:16  [ http-bio-8080-exec-1:438 ] - [ DEBUG ]  -----------end--------------
2018-11-21 23:41:45  [ http-bio-8080-exec-1:0 ] - [ DEBUG ]  -----------begin--------------
2018-11-21 23:41:45  [ http-bio-8080-exec-1:3 ] - [ DEBUG ]  class: org.smart4j.framework.proxy.ProxyChain
2018-11-21 23:41:45  [ http-bio-8080-exec-1:3 ] - [ DEBUG ]  method: index
2018-11-21 23:41:45  [ http-bio-8080-exec-1:350 ] - [ DEBUG ]  time: 346ms
2018-11-21 23:41:45  [ http-bio-8080-exec-1:351 ] - [ DEBUG ]  -----------end--------------
2018-11-21 23:42:11  [ http-bio-8080-exec-3:26150 ] - [ DEBUG ]  -----------begin--------------
2018-11-21 23:42:11  [ http-bio-8080-exec-3:26151 ] - [ DEBUG ]  class: org.smart4j.framework.proxy.ProxyChain
2018-11-21 23:42:11  [ http-bio-8080-exec-3:26152 ] - [ DEBUG ]  method: index
2018-11-21 23:42:11  [ http-bio-8080-exec-3:26165 ] - [ DEBUG ]  time: 13ms
2018-11-21 23:42:11  [ http-bio-8080-exec-3:26165 ] - [ DEBUG ]  -----------end--------------
2018-11-21 23:43:36  [ http-bio-8080-exec-1:0 ] - [ DEBUG ]  -----------begin--------------
2018-11-21 23:43:36  [ http-bio-8080-exec-1:3 ] - [ DEBUG ]  class: org.smart4j.framework.proxy.ProxyChain
2018-11-21 23:43:36  [ http-bio-8080-exec-1:3 ] - [ DEBUG ]  method: index
2018-11-21 23:43:37  [ http-bio-8080-exec-1:378 ] - [ DEBUG ]  time: 375ms
2018-11-21 23:43:37  [ http-bio-8080-exec-1:378 ] - [ DEBUG ]  -----------end--------------
2018-11-21 23:43:58  [ http-bio-8080-exec-1:0 ] - [ DEBUG ]  -----------begin--------------
2018-11-21 23:43:58  [ http-bio-8080-exec-1:3 ] - [ DEBUG ]  class: org.smart4j.chapter3.controller.CustomerServlet
2018-11-21 23:43:58  [ http-bio-8080-exec-1:3 ] - [ DEBUG ]  method: index
2018-11-21 23:43:58  [ http-bio-8080-exec-1:373 ] - [ DEBUG ]  time: 370ms
2018-11-21 23:43:58  [ http-bio-8080-exec-1:373 ] - [ DEBUG ]  -----------end--------------
2018-11-21 23:44:48  [ http-bio-8080-exec-3:50520 ] - [ DEBUG ]  -----------begin--------------
2018-11-21 23:44:48  [ http-bio-8080-exec-3:50521 ] - [ DEBUG ]  class: org.smart4j.chapter3.controller.CustomerServlet
2018-11-21 23:44:48  [ http-bio-8080-exec-3:50522 ] - [ DEBUG ]  method: edit
2018-11-21 23:44:48  [ http-bio-8080-exec-3:50541 ] - [ DEBUG ]  time: 19ms
2018-11-21 23:44:48  [ http-bio-8080-exec-3:50541 ] - [ DEBUG ]  -----------end--------------
2018-11-21 23:44:54  [ http-bio-8080-exec-5:55835 ] - [ DEBUG ]  -----------begin--------------
2018-11-21 23:44:54  [ http-bio-8080-exec-5:55836 ] - [ DEBUG ]  class: org.smart4j.chapter3.controller.CustomerServlet
2018-11-21 23:44:54  [ http-bio-8080-exec-5:55836 ] - [ DEBUG ]  method: editSubmit
2018-11-21 23:44:54  [ http-bio-8080-exec-5:55853 ] - [ DEBUG ]  time: 17ms
2018-11-21 23:44:54  [ http-bio-8080-exec-5:55853 ] - [ DEBUG ]  -----------end--------------
2018-11-21 23:44:54  [ http-bio-8080-exec-6:55984 ] - [ DEBUG ]  -----------begin--------------
2018-11-21 23:44:54  [ http-bio-8080-exec-6:55985 ] - [ DEBUG ]  class: org.smart4j.chapter3.controller.CustomerServlet
2018-11-21 23:44:54  [ http-bio-8080-exec-6:55986 ] - [ DEBUG ]  method: index
2018-11-21 23:44:54  [ http-bio-8080-exec-6:55995 ] - [ DEBUG ]  time: 9ms
2018-11-21 23:44:54  [ http-bio-8080-exec-6:55995 ] - [ DEBUG ]  -----------end--------------
2018-11-21 23:44:56  [ http-bio-8080-exec-7:58386 ] - [ DEBUG ]  -----------begin--------------
2018-11-21 23:44:56  [ http-bio-8080-exec-7:58387 ] - [ DEBUG ]  class: org.smart4j.chapter3.controller.CustomerServlet
2018-11-21 23:44:56  [ http-bio-8080-exec-7:58387 ] - [ DEBUG ]  method: edit
2018-11-21 23:44:56  [ http-bio-8080-exec-7:58398 ] - [ DEBUG ]  time: 11ms
2018-11-21 23:44:56  [ http-bio-8080-exec-7:58398 ] - [ DEBUG ]  -----------end--------------
2018-11-21 23:45:41  [ http-bio-8080-exec-8:102587 ] - [ DEBUG ]  -----------begin--------------
2018-11-21 23:45:41  [ http-bio-8080-exec-8:102587 ] - [ DEBUG ]  class: org.smart4j.chapter3.controller.CustomerServlet
2018-11-21 23:45:41  [ http-bio-8080-exec-8:102587 ] - [ DEBUG ]  method: editSubmit
2018-11-21 23:45:41  [ http-bio-8080-exec-8:102603 ] - [ DEBUG ]  time: 15ms
2018-11-21 23:45:41  [ http-bio-8080-exec-8:102603 ] - [ DEBUG ]  -----------end--------------
2018-11-21 23:45:41  [ http-bio-8080-exec-9:102610 ] - [ DEBUG ]  -----------begin--------------
2018-11-21 23:45:41  [ http-bio-8080-exec-9:102610 ] - [ DEBUG ]  class: org.smart4j.chapter3.controller.CustomerServlet
2018-11-21 23:45:41  [ http-bio-8080-exec-9:102610 ] - [ DEBUG ]  method: index
2018-11-21 23:45:41  [ http-bio-8080-exec-9:102623 ] - [ DEBUG ]  time: 12ms
2018-11-21 23:45:41  [ http-bio-8080-exec-9:102623 ] - [ DEBUG ]  -----------end--------------
2018-11-21 23:48:31  [ http-bio-8080-exec-2:273289 ] - [ DEBUG ]  -----------begin--------------
2018-11-21 23:48:31  [ http-bio-8080-exec-2:273289 ] - [ DEBUG ]  class: org.smart4j.chapter3.controller.CustomerServlet
2018-11-21 23:48:31  [ http-bio-8080-exec-2:273289 ] - [ DEBUG ]  method: index
2018-11-21 23:48:31  [ http-bio-8080-exec-2:273302 ] - [ DEBUG ]  time: 11ms
2018-11-21 23:48:31  [ http-bio-8080-exec-2:273302 ] - [ DEBUG ]  -----------end--------------
2018-11-21 23:48:33  [ http-bio-8080-exec-2:274747 ] - [ DEBUG ]  -----------begin--------------
2018-11-21 23:48:33  [ http-bio-8080-exec-2:274747 ] - [ DEBUG ]  class: org.smart4j.chapter3.controller.CustomerServlet
2018-11-21 23:48:33  [ http-bio-8080-exec-2:274747 ] - [ DEBUG ]  method: create
2018-11-21 23:48:33  [ http-bio-8080-exec-2:274747 ] - [ DEBUG ]  time: 0ms
2018-11-21 23:48:33  [ http-bio-8080-exec-2:274747 ] - [ DEBUG ]  -----------end--------------
2018-11-21 23:48:46  [ http-bio-8080-exec-8:287727 ] - [ DEBUG ]  -----------begin--------------
2018-11-21 23:48:46  [ http-bio-8080-exec-8:287728 ] - [ DEBUG ]  class: org.smart4j.chapter3.controller.CustomerServlet
2018-11-21 23:48:46  [ http-bio-8080-exec-8:287728 ] - [ DEBUG ]  method: create
2018-11-21 23:48:46  [ http-bio-8080-exec-8:287728 ] - [ DEBUG ]  time: 0ms
2018-11-21 23:48:46  [ http-bio-8080-exec-8:287728 ] - [ DEBUG ]  -----------end--------------
2018-11-21 23:49:13  [ http-bio-8080-exec-8:315108 ] - [ DEBUG ]  -----------begin--------------
2018-11-21 23:49:13  [ http-bio-8080-exec-8:315108 ] - [ DEBUG ]  class: org.smart4j.chapter3.controller.CustomerServlet
2018-11-21 23:49:13  [ http-bio-8080-exec-8:315108 ] - [ DEBUG ]  method: create
2018-11-21 23:49:13  [ http-bio-8080-exec-8:315108 ] - [ DEBUG ]  time: 0ms
2018-11-21 23:49:13  [ http-bio-8080-exec-8:315108 ] - [ DEBUG ]  -----------end--------------
2018-11-21 23:49:56  [ http-bio-8080-exec-2:358203 ] - [ DEBUG ]  -----------begin--------------
2018-11-21 23:49:56  [ http-bio-8080-exec-2:358203 ] - [ DEBUG ]  class: org.smart4j.chapter3.controller.CustomerServlet
2018-11-21 23:49:56  [ http-bio-8080-exec-2:358204 ] - [ DEBUG ]  method: create
2018-11-21 23:49:56  [ http-bio-8080-exec-2:358204 ] - [ DEBUG ]  time: 0ms
2018-11-21 23:49:56  [ http-bio-8080-exec-2:358204 ] - [ DEBUG ]  -----------end--------------
2018-11-21 23:50:36  [ http-bio-8080-exec-4:398019 ] - [ DEBUG ]  -----------begin--------------
2018-11-21 23:50:36  [ http-bio-8080-exec-4:398020 ] - [ DEBUG ]  class: org.smart4j.chapter3.controller.CustomerServlet
2018-11-21 23:50:36  [ http-bio-8080-exec-4:398020 ] - [ DEBUG ]  method: create
2018-11-21 23:50:36  [ http-bio-8080-exec-4:398020 ] - [ DEBUG ]  time: 0ms
2018-11-21 23:50:36  [ http-bio-8080-exec-4:398020 ] - [ DEBUG ]  -----------end--------------
2018-11-21 23:50:39  [ http-bio-8080-exec-4:400683 ] - [ DEBUG ]  -----------begin--------------
2018-11-21 23:50:39  [ http-bio-8080-exec-4:400684 ] - [ DEBUG ]  class: org.smart4j.chapter3.controller.CustomerServlet
2018-11-21 23:50:39  [ http-bio-8080-exec-4:400684 ] - [ DEBUG ]  method: create
2018-11-21 23:50:39  [ http-bio-8080-exec-4:400684 ] - [ DEBUG ]  time: 0ms
2018-11-21 23:50:39  [ http-bio-8080-exec-4:400684 ] - [ DEBUG ]  -----------end--------------
2018-11-21 23:50:39  [ http-bio-8080-exec-4:401233 ] - [ DEBUG ]  -----------begin--------------
2018-11-21 23:50:39  [ http-bio-8080-exec-4:401233 ] - [ DEBUG ]  class: org.smart4j.chapter3.controller.CustomerServlet
2018-11-21 23:50:39  [ http-bio-8080-exec-4:401233 ] - [ DEBUG ]  method: create
2018-11-21 23:50:39  [ http-bio-8080-exec-4:401234 ] - [ DEBUG ]  time: 0ms
2018-11-21 23:50:39  [ http-bio-8080-exec-4:401234 ] - [ DEBUG ]  -----------end--------------
2018-11-21 23:50:40  [ http-bio-8080-exec-9:401699 ] - [ DEBUG ]  -----------begin--------------
2018-11-21 23:50:40  [ http-bio-8080-exec-9:401699 ] - [ DEBUG ]  class: org.smart4j.chapter3.controller.CustomerServlet
2018-11-21 23:50:40  [ http-bio-8080-exec-9:401699 ] - [ DEBUG ]  method: create
2018-11-21 23:50:40  [ http-bio-8080-exec-9:401700 ] - [ DEBUG ]  time: 0ms
2018-11-21 23:50:40  [ http-bio-8080-exec-9:401700 ] - [ DEBUG ]  -----------end--------------
2018-11-21 23:50:40  [ http-bio-8080-exec-8:402265 ] - [ DEBUG ]  -----------begin--------------
2018-11-21 23:50:40  [ http-bio-8080-exec-8:402266 ] - [ DEBUG ]  class: org.smart4j.chapter3.controller.CustomerServlet
2018-11-21 23:50:40  [ http-bio-8080-exec-8:402266 ] - [ DEBUG ]  method: create
2018-11-21 23:50:40  [ http-bio-8080-exec-8:402266 ] - [ DEBUG ]  time: 0ms
2018-11-21 23:50:40  [ http-bio-8080-exec-8:402266 ] - [ DEBUG ]  -----------end--------------
2018-11-21 23:51:16  [ http-bio-8080-exec-4:437902 ] - [ DEBUG ]  -----------begin--------------
2018-11-21 23:51:16  [ http-bio-8080-exec-4:437902 ] - [ DEBUG ]  class: org.smart4j.chapter3.controller.CustomerServlet
2018-11-21 23:51:16  [ http-bio-8080-exec-4:437902 ] - [ DEBUG ]  method: create
2018-11-21 23:51:16  [ http-bio-8080-exec-4:437902 ] - [ DEBUG ]  time: 0ms
2018-11-21 23:51:16  [ http-bio-8080-exec-4:437903 ] - [ DEBUG ]  -----------end--------------
2018-11-21 23:51:27  [ http-bio-8080-exec-4:449045 ] - [ DEBUG ]  -----------begin--------------
2018-11-21 23:51:27  [ http-bio-8080-exec-4:449046 ] - [ DEBUG ]  class: org.smart4j.chapter3.controller.CustomerServlet
2018-11-21 23:51:27  [ http-bio-8080-exec-4:449046 ] - [ DEBUG ]  method: createSubmit
2018-11-21 23:52:15  [ http-bio-8080-exec-3:497370 ] - [ DEBUG ]  -----------begin--------------
2018-11-21 23:52:15  [ http-bio-8080-exec-3:497370 ] - [ DEBUG ]  class: org.smart4j.chapter3.controller.CustomerServlet
2018-11-21 23:52:15  [ http-bio-8080-exec-3:497370 ] - [ DEBUG ]  method: createSubmit
2018-11-21 23:52:15  [ http-bio-8080-exec-3:497380 ] - [ DEBUG ]  time: 10ms
2018-11-21 23:52:15  [ http-bio-8080-exec-3:497380 ] - [ DEBUG ]  -----------end--------------
2018-11-21 23:52:15  [ http-bio-8080-exec-3:497387 ] - [ DEBUG ]  -----------begin--------------
2018-11-21 23:52:15  [ http-bio-8080-exec-3:497387 ] - [ DEBUG ]  class: org.smart4j.chapter3.controller.CustomerServlet
2018-11-21 23:52:15  [ http-bio-8080-exec-3:497387 ] - [ DEBUG ]  method: index
2018-11-21 23:52:15  [ http-bio-8080-exec-3:497389 ] - [ DEBUG ]  time: 1ms
2018-11-21 23:52:15  [ http-bio-8080-exec-3:497389 ] - [ DEBUG ]  -----------end--------------
2018-11-21 23:52:33  [ http-bio-8080-exec-3:514993 ] - [ DEBUG ]  -----------begin--------------
2018-11-21 23:52:33  [ http-bio-8080-exec-3:514994 ] - [ DEBUG ]  class: org.smart4j.chapter3.controller.CustomerServlet
2018-11-21 23:52:33  [ http-bio-8080-exec-3:514994 ] - [ DEBUG ]  method: edit
2018-11-21 23:52:33  [ http-bio-8080-exec-3:514995 ] - [ DEBUG ]  time: 1ms
2018-11-21 23:52:33  [ http-bio-8080-exec-3:514995 ] - [ DEBUG ]  -----------end--------------
2018-11-21 23:52:37  [ http-bio-8080-exec-3:518882 ] - [ DEBUG ]  -----------begin--------------
2018-11-21 23:52:37  [ http-bio-8080-exec-3:518883 ] - [ DEBUG ]  class: org.smart4j.chapter3.controller.CustomerServlet
2018-11-21 23:52:37  [ http-bio-8080-exec-3:518883 ] - [ DEBUG ]  method: create
2018-11-21 23:52:37  [ http-bio-8080-exec-3:518883 ] - [ DEBUG ]  time: 0ms
2018-11-21 23:52:37  [ http-bio-8080-exec-3:518883 ] - [ DEBUG ]  -----------end--------------
2018-11-21 23:52:42  [ http-bio-8080-exec-3:524205 ] - [ DEBUG ]  -----------begin--------------
2018-11-21 23:52:42  [ http-bio-8080-exec-3:524205 ] - [ DEBUG ]  class: org.smart4j.chapter3.controller.CustomerServlet
2018-11-21 23:52:42  [ http-bio-8080-exec-3:524205 ] - [ DEBUG ]  method: createSubmit
2018-11-21 23:52:42  [ http-bio-8080-exec-3:524214 ] - [ DEBUG ]  time: 8ms
2018-11-21 23:52:42  [ http-bio-8080-exec-3:524215 ] - [ DEBUG ]  -----------end--------------
2018-11-21 23:52:42  [ http-bio-8080-exec-3:524220 ] - [ DEBUG ]  -----------begin--------------
2018-11-21 23:52:42  [ http-bio-8080-exec-3:524221 ] - [ DEBUG ]  class: org.smart4j.chapter3.controller.CustomerServlet
2018-11-21 23:52:42  [ http-bio-8080-exec-3:524221 ] - [ DEBUG ]  method: index
2018-11-21 23:52:42  [ http-bio-8080-exec-3:524222 ] - [ DEBUG ]  time: 1ms
2018-11-21 23:52:42  [ http-bio-8080-exec-3:524222 ] - [ DEBUG ]  -----------end--------------
2018-11-21 23:53:02  [ http-bio-8080-exec-3:543666 ] - [ DEBUG ]  -----------begin--------------
2018-11-21 23:53:02  [ http-bio-8080-exec-3:543666 ] - [ DEBUG ]  class: org.smart4j.chapter3.controller.CustomerServlet
2018-11-21 23:53:02  [ http-bio-8080-exec-3:543666 ] - [ DEBUG ]  method: delete
2018-11-21 23:53:02  [ http-bio-8080-exec-3:543675 ] - [ DEBUG ]  time: 9ms
2018-11-21 23:53:02  [ http-bio-8080-exec-3:543675 ] - [ DEBUG ]  -----------end--------------
